<?xml version="1.0" encoding="UTF-8"?>
<testng-results ignored="0" total="15" passed="14" failed="1" skipped="0">
  <reporter-output>
  </reporter-output>
  <suite started-at="2023-12-04T21:28:47 IST" name="BDD test Suite" finished-at="2023-12-04T21:31:53 IST" duration-ms="185757">
    <groups>
      <group name="cucumber">
        <method signature="SL_TestRunner.scenario(io.cucumber.testng.PickleWrapper,io.cucumber.testng.FeatureWrapper)[pri:0, instance:MyRunner.SL_TestRunner@59309333]" name="scenario" class="MyRunner.SL_TestRunner"/>
        <method signature="HYR_TestRunner.scenario(io.cucumber.testng.PickleWrapper,io.cucumber.testng.FeatureWrapper)[pri:0, instance:MyRunner.HYR_TestRunner@74f0ea28]" name="scenario" class="MyRunner.HYR_TestRunner"/>
      </group> <!-- cucumber -->
    </groups>
    <test started-at="2023-12-04T21:28:47 IST" name="HYR test cases execution" finished-at="2023-12-04T21:31:35 IST" duration-ms="168414">
      <class name="MyRunner.HYR_TestRunner">
        <test-method is-config="true" signature="Setupclass()[pri:0, instance:MyRunner.HYR_TestRunner@74f0ea28]" started-at="2023-12-04T21:28:47 IST" name="Setupclass" finished-at="2023-12-04T21:28:47 IST" duration-ms="458" status="PASS">
          <reporter-output>
          </reporter-output>
        </test-method> <!-- Setupclass -->
        <test-method signature="scenario(io.cucumber.testng.PickleWrapper,io.cucumber.testng.FeatureWrapper)[pri:0, instance:MyRunner.HYR_TestRunner@74f0ea28]" started-at="2023-12-04T21:28:47 IST" name="scenario" description="Runs Cucumber Scenarios" data-provider="scenarios" finished-at="2023-12-04T21:29:14 IST" duration-ms="27036" status="PASS">
          <params>
            <param index="0">
              <value>
                <![CDATA["Test the Test HYR tutorials alert page behaviour"]]>
              </value>
            </param>
            <param index="1">
              <value>
                <![CDATA["Feature to Test HYR tutorial's alert page behaviour"]]>
              </value>
            </param>
          </params>
          <reporter-output>
          </reporter-output>
        </test-method> <!-- scenario -->
        <test-method signature="scenario(io.cucumber.testng.PickleWrapper,io.cucumber.testng.FeatureWrapper)[pri:0, instance:MyRunner.HYR_TestRunner@74f0ea28]" started-at="2023-12-04T21:29:14 IST" name="scenario" description="Runs Cucumber Scenarios" data-provider="scenarios" finished-at="2023-12-04T21:29:41 IST" duration-ms="26603" status="PASS">
          <params>
            <param index="0">
              <value>
                <![CDATA["Test the Test HYR tutorials alert page behaviour"]]>
              </value>
            </param>
            <param index="1">
              <value>
                <![CDATA["Feature to Test HYR tutorial's alert page behaviour"]]>
              </value>
            </param>
          </params>
          <reporter-output>
          </reporter-output>
        </test-method> <!-- scenario -->
        <test-method signature="scenario(io.cucumber.testng.PickleWrapper,io.cucumber.testng.FeatureWrapper)[pri:0, instance:MyRunner.HYR_TestRunner@74f0ea28]" started-at="2023-12-04T21:29:41 IST" name="scenario" description="Runs Cucumber Scenarios" data-provider="scenarios" finished-at="2023-12-04T21:30:08 IST" duration-ms="26586" status="PASS">
          <params>
            <param index="0">
              <value>
                <![CDATA["Test the Test HYR tutorials alert page behaviour"]]>
              </value>
            </param>
            <param index="1">
              <value>
                <![CDATA["Feature to Test HYR tutorial's alert page behaviour"]]>
              </value>
            </param>
          </params>
          <reporter-output>
          </reporter-output>
        </test-method> <!-- scenario -->
        <test-method signature="scenario(io.cucumber.testng.PickleWrapper,io.cucumber.testng.FeatureWrapper)[pri:0, instance:MyRunner.HYR_TestRunner@74f0ea28]" started-at="2023-12-04T21:30:08 IST" name="scenario" description="Runs Cucumber Scenarios" data-provider="scenarios" finished-at="2023-12-04T21:30:35 IST" duration-ms="27379" status="PASS">
          <params>
            <param index="0">
              <value>
                <![CDATA["Test the Test HYR tutorials alert page behaviour"]]>
              </value>
            </param>
            <param index="1">
              <value>
                <![CDATA["Feature to Test HYR tutorial's alert page behaviour"]]>
              </value>
            </param>
          </params>
          <reporter-output>
          </reporter-output>
        </test-method> <!-- scenario -->
        <test-method signature="scenario(io.cucumber.testng.PickleWrapper,io.cucumber.testng.FeatureWrapper)[pri:0, instance:MyRunner.HYR_TestRunner@74f0ea28]" started-at="2023-12-04T21:30:35 IST" name="scenario" description="Runs Cucumber Scenarios" data-provider="scenarios" finished-at="2023-12-04T21:30:56 IST" duration-ms="20770" status="PASS">
          <params>
            <param index="0">
              <value>
                <![CDATA["Test the Test HYR tutorials alert page behaviour"]]>
              </value>
            </param>
            <param index="1">
              <value>
                <![CDATA["Feature to Test HYR tutorial's alert page behaviour"]]>
              </value>
            </param>
          </params>
          <reporter-output>
          </reporter-output>
        </test-method> <!-- scenario -->
        <test-method signature="scenario(io.cucumber.testng.PickleWrapper,io.cucumber.testng.FeatureWrapper)[pri:0, instance:MyRunner.HYR_TestRunner@74f0ea28]" started-at="2023-12-04T21:30:56 IST" name="scenario" description="Runs Cucumber Scenarios" data-provider="scenarios" finished-at="2023-12-04T21:31:35 IST" duration-ms="39469" status="PASS">
          <params>
            <param index="0">
              <value>
                <![CDATA["Test the Test HYR tutorials Iframes behaviour"]]>
              </value>
            </param>
            <param index="1">
              <value>
                <![CDATA["Feature to Test HYR tutorials Iframes behaviour"]]>
              </value>
            </param>
          </params>
          <reporter-output>
          </reporter-output>
        </test-method> <!-- scenario -->
        <test-method is-config="true" signature="tearDownClass()[pri:0, instance:MyRunner.HYR_TestRunner@74f0ea28]" started-at="2023-12-04T21:31:35 IST" name="tearDownClass" finished-at="2023-12-04T21:31:35 IST" duration-ms="79" status="PASS">
          <reporter-output>
          </reporter-output>
        </test-method> <!-- tearDownClass -->
      </class> <!-- MyRunner.HYR_TestRunner -->
    </test> <!-- HYR test cases execution -->
    <test started-at="2023-12-04T21:28:47 IST" name="Swaglabs test cases execution" finished-at="2023-12-04T21:31:53 IST" duration-ms="185757">
      <class name="MyRunner.SL_TestRunner">
        <test-method is-config="true" signature="Setupclass()[pri:0, instance:MyRunner.SL_TestRunner@59309333]" started-at="2023-12-04T21:28:47 IST" name="Setupclass" finished-at="2023-12-04T21:28:47 IST" duration-ms="459" status="PASS">
          <reporter-output>
          </reporter-output>
        </test-method> <!-- Setupclass -->
        <test-method signature="scenario(io.cucumber.testng.PickleWrapper,io.cucumber.testng.FeatureWrapper)[pri:0, instance:MyRunner.SL_TestRunner@59309333]" started-at="2023-12-04T21:28:47 IST" name="scenario" description="Runs Cucumber Scenarios" data-provider="scenarios" finished-at="2023-12-04T21:29:05 IST" duration-ms="17928" status="PASS">
          <params>
            <param index="0">
              <value>
                <![CDATA["Check login is successfull with Valid Credentials"]]>
              </value>
            </param>
            <param index="1">
              <value>
                <![CDATA["Feature to test Login functionality"]]>
              </value>
            </param>
          </params>
          <reporter-output>
          </reporter-output>
        </test-method> <!-- scenario -->
        <test-method signature="scenario(io.cucumber.testng.PickleWrapper,io.cucumber.testng.FeatureWrapper)[pri:0, instance:MyRunner.SL_TestRunner@59309333]" started-at="2023-12-04T21:29:05 IST" name="scenario" description="Runs Cucumber Scenarios" data-provider="scenarios" finished-at="2023-12-04T21:29:32 IST" duration-ms="27096" status="FAIL">
          <params>
            <param index="0">
              <value>
                <![CDATA["Check login is successfull with Valid Credentials"]]>
              </value>
            </param>
            <param index="1">
              <value>
                <![CDATA["Feature to test Login functionality"]]>
              </value>
            </param>
          </params>
          <exception class="org.openqa.selenium.NoSuchElementException">
            <message>
              <![CDATA[no such element: Unable to locate element: {"method":"css selector","selector":"#shopping_cart_container"}
  (Session info: chrome=119.0.6045.160)
For documentation on this error, please visit: https://www.selenium.dev/documentation/webdriver/troubleshooting/errors#no-such-element-exception
Build info: version: '4.15.0', revision: '1d14b5521b'
System info: os.name: 'Windows 10', os.arch: 'amd64', os.version: '10.0', java.version: '17.0.8.1'
Driver info: org.openqa.selenium.chrome.ChromeDriver
Command: [5b1e69f1278b0e35d91e0ca5c0ed6c33, findElement {using=id, value=shopping_cart_container}]
Capabilities {acceptInsecureCerts: false, browserName: chrome, browserVersion: 119.0.6045.160, chrome: {chromedriverVersion: 119.0.6045.105 (38c72552c5e..., userDataDir: C:\Users\259903\AppData\Loc...}, fedcm:accounts: true, goog:chromeOptions: {debuggerAddress: localhost:53316}, networkConnectionEnabled: false, pageLoadStrategy: normal, platformName: windows, proxy: Proxy(), se:cdp: ws://localhost:53316/devtoo..., se:cdpVersion: 119.0.6045.160, setWindowRect: true, strictFileInteractability: false, timeouts: {implicit: 0, pageLoad: 300000, script: 30000}, unhandledPromptBehavior: dismiss and notify, webauthn:extension:credBlob: true, webauthn:extension:largeBlob: true, webauthn:extension:minPinLength: true, webauthn:extension:prf: true, webauthn:virtualAuthenticators: true}
Session ID: 5b1e69f1278b0e35d91e0ca5c0ed6c33]]>
            </message>
            <full-stacktrace>
              <![CDATA[org.openqa.selenium.NoSuchElementException: no such element: Unable to locate element: {"method":"css selector","selector":"#shopping_cart_container"}
  (Session info: chrome=119.0.6045.160)
For documentation on this error, please visit: https://www.selenium.dev/documentation/webdriver/troubleshooting/errors#no-such-element-exception
Build info: version: '4.15.0', revision: '1d14b5521b'
System info: os.name: 'Windows 10', os.arch: 'amd64', os.version: '10.0', java.version: '17.0.8.1'
Driver info: org.openqa.selenium.chrome.ChromeDriver
Command: [5b1e69f1278b0e35d91e0ca5c0ed6c33, findElement {using=id, value=shopping_cart_container}]
Capabilities {acceptInsecureCerts: false, browserName: chrome, browserVersion: 119.0.6045.160, chrome: {chromedriverVersion: 119.0.6045.105 (38c72552c5e..., userDataDir: C:\Users\259903\AppData\Loc...}, fedcm:accounts: true, goog:chromeOptions: {debuggerAddress: localhost:53316}, networkConnectionEnabled: false, pageLoadStrategy: normal, platformName: windows, proxy: Proxy(), se:cdp: ws://localhost:53316/devtoo..., se:cdpVersion: 119.0.6045.160, setWindowRect: true, strictFileInteractability: false, timeouts: {implicit: 0, pageLoad: 300000, script: 30000}, unhandledPromptBehavior: dismiss and notify, webauthn:extension:credBlob: true, webauthn:extension:largeBlob: true, webauthn:extension:minPinLength: true, webauthn:extension:prf: true, webauthn:virtualAuthenticators: true}
Session ID: 5b1e69f1278b0e35d91e0ca5c0ed6c33
at java.base/jdk.internal.reflect.NativeConstructorAccessorImpl.newInstance0(Native Method)
at java.base/jdk.internal.reflect.NativeConstructorAccessorImpl.newInstance(NativeConstructorAccessorImpl.java:77)
at java.base/jdk.internal.reflect.DelegatingConstructorAccessorImpl.newInstance(DelegatingConstructorAccessorImpl.java:45)
at java.base/java.lang.reflect.Constructor.newInstanceWithCaller(Constructor.java:499)
at java.base/java.lang.reflect.Constructor.newInstance(Constructor.java:480)
at org.openqa.selenium.remote.codec.w3c.W3CHttpResponseCodec.createException(W3CHttpResponseCodec.java:200)
at org.openqa.selenium.remote.codec.w3c.W3CHttpResponseCodec.decode(W3CHttpResponseCodec.java:133)
at org.openqa.selenium.remote.codec.w3c.W3CHttpResponseCodec.decode(W3CHttpResponseCodec.java:52)
at org.openqa.selenium.remote.HttpCommandExecutor.execute(HttpCommandExecutor.java:191)
at org.openqa.selenium.remote.service.DriverCommandExecutor.invokeExecute(DriverCommandExecutor.java:200)
at org.openqa.selenium.remote.service.DriverCommandExecutor.execute(DriverCommandExecutor.java:175)
at org.openqa.selenium.remote.RemoteWebDriver.execute(RemoteWebDriver.java:607)
at org.openqa.selenium.remote.ElementLocation$ElementFinder$2.findElement(ElementLocation.java:165)
at org.openqa.selenium.remote.ElementLocation.findElement(ElementLocation.java:59)
at org.openqa.selenium.remote.RemoteWebDriver.findElement(RemoteWebDriver.java:364)
at org.openqa.selenium.remote.RemoteWebDriver.findElement(RemoteWebDriver.java:358)
at org.openqa.selenium.support.pagefactory.DefaultElementLocator.findElement(DefaultElementLocator.java:68)
at org.openqa.selenium.support.pagefactory.internal.LocatingElementHandler.invoke(LocatingElementHandler.java:38)
at jdk.proxy2/jdk.proxy2.$Proxy25.isDisplayed(Unknown Source)
at PageFactory.SL_Products_page_PF.addtocartvalidate(SL_Products_page_PF.java:41)
at StepDefenitions.SL_loginsteps_PF.browser_navigates_to_login_page(SL_loginsteps_PF.java:75)
at ✽.Browser navigates to login home page(file:///C:/Users/259903/eclipse-workspace/NTTdatalogin-cucumber/src/test/resources/Features/Swaglabs/SL_login.feature:15)
]]>
            </full-stacktrace>
          </exception> <!-- org.openqa.selenium.NoSuchElementException -->
          <reporter-output>
          </reporter-output>
        </test-method> <!-- scenario -->
        <test-method signature="scenario(io.cucumber.testng.PickleWrapper,io.cucumber.testng.FeatureWrapper)[pri:0, instance:MyRunner.SL_TestRunner@59309333]" started-at="2023-12-04T21:29:32 IST" name="scenario" description="Runs Cucumber Scenarios" data-provider="scenarios" finished-at="2023-12-04T21:29:49 IST" duration-ms="16754" status="PASS">
          <params>
            <param index="0">
              <value>
                <![CDATA["Check login is successfull with invalid Credentials"]]>
              </value>
            </param>
            <param index="1">
              <value>
                <![CDATA["Feature to test Login functionality"]]>
              </value>
            </param>
          </params>
          <reporter-output>
          </reporter-output>
        </test-method> <!-- scenario -->
        <test-method signature="scenario(io.cucumber.testng.PickleWrapper,io.cucumber.testng.FeatureWrapper)[pri:0, instance:MyRunner.SL_TestRunner@59309333]" started-at="2023-12-04T21:29:49 IST" name="scenario" description="Runs Cucumber Scenarios" data-provider="scenarios" finished-at="2023-12-04T21:30:06 IST" duration-ms="16503" status="PASS">
          <params>
            <param index="0">
              <value>
                <![CDATA["Check login is successfull with invalid Credentials"]]>
              </value>
            </param>
            <param index="1">
              <value>
                <![CDATA["Feature to test Login functionality"]]>
              </value>
            </param>
          </params>
          <reporter-output>
          </reporter-output>
        </test-method> <!-- scenario -->
        <test-method signature="scenario(io.cucumber.testng.PickleWrapper,io.cucumber.testng.FeatureWrapper)[pri:0, instance:MyRunner.SL_TestRunner@59309333]" started-at="2023-12-04T21:30:06 IST" name="scenario" description="Runs Cucumber Scenarios" data-provider="scenarios" finished-at="2023-12-04T21:30:22 IST" duration-ms="16541" status="PASS">
          <params>
            <param index="0">
              <value>
                <![CDATA["Check login is successfull with locked user Credentials"]]>
              </value>
            </param>
            <param index="1">
              <value>
                <![CDATA["Feature to test Login functionality"]]>
              </value>
            </param>
          </params>
          <reporter-output>
          </reporter-output>
        </test-method> <!-- scenario -->
        <test-method signature="scenario(io.cucumber.testng.PickleWrapper,io.cucumber.testng.FeatureWrapper)[pri:0, instance:MyRunner.SL_TestRunner@59309333]" started-at="2023-12-04T21:30:22 IST" name="scenario" description="Runs Cucumber Scenarios" data-provider="scenarios" finished-at="2023-12-04T21:30:45 IST" duration-ms="22457" status="PASS">
          <params>
            <param index="0">
              <value>
                <![CDATA["Check products login by filter"]]>
              </value>
            </param>
            <param index="1">
              <value>
                <![CDATA["Feature to test products sort by filter"]]>
              </value>
            </param>
          </params>
          <reporter-output>
          </reporter-output>
        </test-method> <!-- scenario -->
        <test-method signature="scenario(io.cucumber.testng.PickleWrapper,io.cucumber.testng.FeatureWrapper)[pri:0, instance:MyRunner.SL_TestRunner@59309333]" started-at="2023-12-04T21:30:45 IST" name="scenario" description="Runs Cucumber Scenarios" data-provider="scenarios" finished-at="2023-12-04T21:31:07 IST" duration-ms="22020" status="PASS">
          <params>
            <param index="0">
              <value>
                <![CDATA["Check products login by filter"]]>
              </value>
            </param>
            <param index="1">
              <value>
                <![CDATA["Feature to test products sort by filter"]]>
              </value>
            </param>
          </params>
          <reporter-output>
          </reporter-output>
        </test-method> <!-- scenario -->
        <test-method signature="scenario(io.cucumber.testng.PickleWrapper,io.cucumber.testng.FeatureWrapper)[pri:0, instance:MyRunner.SL_TestRunner@59309333]" started-at="2023-12-04T21:31:07 IST" name="scenario" description="Runs Cucumber Scenarios" data-provider="scenarios" finished-at="2023-12-04T21:31:29 IST" duration-ms="22711" status="PASS">
          <params>
            <param index="0">
              <value>
                <![CDATA["Check products login by filter"]]>
              </value>
            </param>
            <param index="1">
              <value>
                <![CDATA["Feature to test products sort by filter"]]>
              </value>
            </param>
          </params>
          <reporter-output>
          </reporter-output>
        </test-method> <!-- scenario -->
        <test-method signature="scenario(io.cucumber.testng.PickleWrapper,io.cucumber.testng.FeatureWrapper)[pri:0, instance:MyRunner.SL_TestRunner@59309333]" started-at="2023-12-04T21:31:29 IST" name="scenario" description="Runs Cucumber Scenarios" data-provider="scenarios" finished-at="2023-12-04T21:31:53 IST" duration-ms="23197" status="PASS">
          <params>
            <param index="0">
              <value>
                <![CDATA["Check products login by filter"]]>
              </value>
            </param>
            <param index="1">
              <value>
                <![CDATA["Feature to test products sort by filter"]]>
              </value>
            </param>
          </params>
          <reporter-output>
          </reporter-output>
        </test-method> <!-- scenario -->
        <test-method is-config="true" signature="tearDownClass()[pri:0, instance:MyRunner.SL_TestRunner@59309333]" started-at="2023-12-04T21:31:53 IST" name="tearDownClass" finished-at="2023-12-04T21:31:53 IST" duration-ms="52" status="PASS">
          <reporter-output>
          </reporter-output>
        </test-method> <!-- tearDownClass -->
      </class> <!-- MyRunner.SL_TestRunner -->
    </test> <!-- Swaglabs test cases execution -->
  </suite> <!-- BDD test Suite -->
</testng-results>
