<?xml version="1.0" encoding="UTF-8"?>
<!-- Generated by org.testng.reporters.JUnitXMLReporter -->
<testsuite ignored="0" hostname="INBLRWHF2025M0G" failures="0" tests="6" name="HYR test cases execution" time="168.414" errors="0" timestamp="2023-12-04T21:31:35 IST">
  <testcase classname="MyRunner.HYR_TestRunner" name="scenario" time="27.036"/>
  <testcase classname="MyRunner.HYR_TestRunner" name="scenario" time="26.603"/>
  <testcase classname="MyRunner.HYR_TestRunner" name="scenario" time="26.586"/>
  <testcase classname="MyRunner.HYR_TestRunner" name="scenario" time="27.379"/>
  <testcase classname="MyRunner.HYR_TestRunner" name="scenario" time="20.77"/>
  <testcase classname="MyRunner.HYR_TestRunner" name="scenario" time="39.469"/>
</testsuite> <!-- HYR test cases execution -->
